2025-06-04T14:23:19: PM2 log: ===============================================================================
2025-06-04T14:23:19: PM2 log: --- New PM2 Daemon started ----------------------------------------------------
2025-06-04T14:23:19: PM2 log: Time                 : Wed Jun 04 2025 14:23:19 GMT+0000 (Coordinated Universal Time)
2025-06-04T14:23:19: PM2 log: PM2 version          : 6.0.6
2025-06-04T14:23:19: PM2 log: Node.js version      : 18.19.1
2025-06-04T14:23:19: PM2 log: Current arch         : x64
2025-06-04T14:23:19: PM2 log: PM2 home             : /home/ubuntu/.pm2
2025-06-04T14:23:19: PM2 log: PM2 PID file         : /home/ubuntu/.pm2/pm2.pid
2025-06-04T14:23:19: PM2 log: RPC socket file      : /home/ubuntu/.pm2/rpc.sock
2025-06-04T14:23:19: PM2 log: BUS socket file      : /home/ubuntu/.pm2/pub.sock
2025-06-04T14:23:19: PM2 log: Application log path : /home/ubuntu/.pm2/logs
2025-06-04T14:23:19: PM2 log: Worker Interval      : 30000
2025-06-04T14:23:19: PM2 log: Process dump file    : /home/ubuntu/.pm2/dump.pm2
2025-06-04T14:23:19: PM2 log: Concurrent actions   : 2
2025-06-04T14:23:19: PM2 log: SIGTERM timeout      : 1600
2025-06-04T14:23:19: PM2 log: Runtime Binary       : /usr/bin/node
2025-06-04T14:23:19: PM2 log: ===============================================================================
2025-06-04T14:23:19: PM2 log: App [server:0] starting in -fork mode-
2025-06-04T14:23:19: PM2 log: App [server:0] online
2025-06-04T14:30:11: PM2 log: pm2 has been killed by signal, dumping process list before exit...
2025-06-04T14:30:11: PM2 log: Deleting process 0
2025-06-04T14:30:11: PM2 log: Stopping app:server id:0
2025-06-04T14:30:11: PM2 log: App [server:0] exited with code [0] via signal [SIGHUP]
2025-06-04T14:30:11: PM2 log: pid=7556 msg=process killed
2025-06-04T14:30:11: PM2 log: Exited peacefully
2025-06-05T06:24:35: PM2 log: ===============================================================================
2025-06-05T06:24:35: PM2 log: --- New PM2 Daemon started ----------------------------------------------------
2025-06-05T06:24:35: PM2 log: Time                 : Thu Jun 05 2025 06:24:35 GMT+0000 (Coordinated Universal Time)
2025-06-05T06:24:35: PM2 log: PM2 version          : 6.0.6
2025-06-05T06:24:35: PM2 log: Node.js version      : 18.19.1
2025-06-05T06:24:35: PM2 log: Current arch         : x64
2025-06-05T06:24:35: PM2 log: PM2 home             : /home/ubuntu/.pm2
2025-06-05T06:24:35: PM2 log: PM2 PID file         : /home/ubuntu/.pm2/pm2.pid
2025-06-05T06:24:35: PM2 log: RPC socket file      : /home/ubuntu/.pm2/rpc.sock
2025-06-05T06:24:35: PM2 log: BUS socket file      : /home/ubuntu/.pm2/pub.sock
2025-06-05T06:24:35: PM2 log: Application log path : /home/ubuntu/.pm2/logs
2025-06-05T06:24:35: PM2 log: Worker Interval      : 30000
2025-06-05T06:24:35: PM2 log: Process dump file    : /home/ubuntu/.pm2/dump.pm2
2025-06-05T06:24:35: PM2 log: Concurrent actions   : 2
2025-06-05T06:24:35: PM2 log: SIGTERM timeout      : 1600
2025-06-05T06:24:35: PM2 log: Runtime Binary       : /usr/bin/node
2025-06-05T06:24:35: PM2 log: ===============================================================================
2025-06-05T06:24:35: PM2 log: App [server:0] starting in -fork mode-
2025-06-05T06:24:35: PM2 log: App [server:0] online
2025-06-05T06:24:36: PM2 log: App [server:0] exited with code [1] via signal [SIGINT]
2025-06-05T06:24:36: PM2 log: App [server:0] starting in -fork mode-
2025-06-05T06:24:36: PM2 log: App [server:0] online
2025-06-05T06:24:36: PM2 log: App [server:0] exited with code [1] via signal [SIGINT]
2025-06-05T06:24:36: PM2 log: App [server:0] starting in -fork mode-
2025-06-05T06:24:36: PM2 log: App [server:0] online
2025-06-05T06:24:37: PM2 log: App [server:0] exited with code [1] via signal [SIGINT]
2025-06-05T06:24:37: PM2 log: App [server:0] starting in -fork mode-
2025-06-05T06:24:37: PM2 log: App [server:0] online
2025-06-05T06:24:37: PM2 log: App [server:0] exited with code [1] via signal [SIGINT]
2025-06-05T06:24:37: PM2 log: App [server:0] starting in -fork mode-
2025-06-05T06:24:37: PM2 log: App [server:0] online
2025-06-05T06:24:37: PM2 log: App [server:0] exited with code [1] via signal [SIGINT]
2025-06-05T06:24:37: PM2 log: App [server:0] starting in -fork mode-
2025-06-05T06:24:37: PM2 log: App [server:0] online
2025-06-05T06:24:38: PM2 log: App [server:0] exited with code [1] via signal [SIGINT]
2025-06-05T06:24:38: PM2 log: App [server:0] starting in -fork mode-
2025-06-05T06:24:38: PM2 log: App [server:0] online
2025-06-05T06:24:38: PM2 log: App [server:0] exited with code [1] via signal [SIGINT]
2025-06-05T06:24:38: PM2 log: App [server:0] starting in -fork mode-
2025-06-05T06:24:38: PM2 log: App [server:0] online
2025-06-05T06:24:38: PM2 log: App [server:0] exited with code [1] via signal [SIGINT]
2025-06-05T06:24:38: PM2 log: App [server:0] starting in -fork mode-
2025-06-05T06:24:38: PM2 log: App [server:0] online
2025-06-05T06:24:39: PM2 log: App [server:0] exited with code [1] via signal [SIGINT]
2025-06-05T06:24:39: PM2 log: App [server:0] starting in -fork mode-
2025-06-05T06:24:39: PM2 log: App [server:0] online
2025-06-05T06:24:39: PM2 log: App [server:0] exited with code [1] via signal [SIGINT]
2025-06-05T06:24:39: PM2 log: App [server:0] starting in -fork mode-
2025-06-05T06:24:39: PM2 log: App [server:0] online
2025-06-05T06:24:39: PM2 log: App [server:0] exited with code [1] via signal [SIGINT]
2025-06-05T06:24:39: PM2 log: App [server:0] starting in -fork mode-
2025-06-05T06:24:39: PM2 log: App [server:0] online
2025-06-05T06:24:39: PM2 log: App [server:0] exited with code [1] via signal [SIGINT]
2025-06-05T06:24:39: PM2 log: App [server:0] starting in -fork mode-
2025-06-05T06:24:39: PM2 log: App [server:0] online
2025-06-05T06:24:40: PM2 log: App [server:0] exited with code [1] via signal [SIGINT]
2025-06-05T06:24:40: PM2 log: App [server:0] starting in -fork mode-
2025-06-05T06:24:40: PM2 log: App [server:0] online
2025-06-05T06:24:40: PM2 log: App [server:0] exited with code [1] via signal [SIGINT]
2025-06-05T06:24:40: PM2 log: App [server:0] starting in -fork mode-
2025-06-05T06:24:40: PM2 log: App [server:0] online
2025-06-05T06:24:40: PM2 log: App [server:0] exited with code [1] via signal [SIGINT]
2025-06-05T06:24:40: PM2 log: App [server:0] starting in -fork mode-
2025-06-05T06:24:40: PM2 log: App [server:0] online
2025-06-05T06:24:41: PM2 log: App [server:0] exited with code [1] via signal [SIGINT]
2025-06-05T06:24:41: PM2 log: Script /var/www/html/backend/server.js had too many unstable restarts (16). Stopped. "errored"
2025-06-05T06:33:01: PM2 log: App [server:0] starting in -fork mode-
2025-06-05T06:33:01: PM2 log: App [server:0] online
2025-06-05T06:33:01: PM2 log: App [server:0] exited with code [1] via signal [SIGINT]
2025-06-05T06:33:01: PM2 log: App [server:0] starting in -fork mode-
2025-06-05T06:33:01: PM2 log: App [server:0] online
2025-06-05T06:33:01: PM2 log: App [server:0] exited with code [1] via signal [SIGINT]
2025-06-05T06:33:01: PM2 log: App [server:0] starting in -fork mode-
2025-06-05T06:33:01: PM2 log: App [server:0] online
2025-06-05T06:33:02: PM2 log: App [server:0] exited with code [1] via signal [SIGINT]
2025-06-05T06:33:02: PM2 log: App [server:0] starting in -fork mode-
2025-06-05T06:33:02: PM2 log: App [server:0] online
2025-06-05T06:33:02: PM2 log: App [server:0] exited with code [1] via signal [SIGINT]
2025-06-05T06:33:02: PM2 log: App [server:0] starting in -fork mode-
2025-06-05T06:33:02: PM2 log: App [server:0] online
2025-06-05T06:33:02: PM2 log: App [server:0] exited with code [1] via signal [SIGINT]
2025-06-05T06:33:02: PM2 log: App [server:0] starting in -fork mode-
2025-06-05T06:33:02: PM2 log: App [server:0] online
2025-06-05T06:33:03: PM2 log: App [server:0] exited with code [1] via signal [SIGINT]
2025-06-05T06:33:03: PM2 log: App [server:0] starting in -fork mode-
2025-06-05T06:33:03: PM2 log: App [server:0] online
2025-06-05T06:33:03: PM2 log: App [server:0] exited with code [1] via signal [SIGINT]
2025-06-05T06:33:03: PM2 log: App [server:0] starting in -fork mode-
2025-06-05T06:33:03: PM2 log: App [server:0] online
2025-06-05T06:33:03: PM2 log: App [server:0] exited with code [1] via signal [SIGINT]
2025-06-05T06:33:03: PM2 log: App [server:0] starting in -fork mode-
2025-06-05T06:33:03: PM2 log: App [server:0] online
2025-06-05T06:33:04: PM2 log: App [server:0] exited with code [1] via signal [SIGINT]
2025-06-05T06:33:04: PM2 log: App [server:0] starting in -fork mode-
2025-06-05T06:33:04: PM2 log: App [server:0] online
2025-06-05T06:33:04: PM2 log: App [server:0] exited with code [1] via signal [SIGINT]
2025-06-05T06:33:04: PM2 log: App [server:0] starting in -fork mode-
2025-06-05T06:33:04: PM2 log: App [server:0] online
2025-06-05T06:33:04: PM2 log: App [server:0] exited with code [1] via signal [SIGINT]
2025-06-05T06:33:04: PM2 log: App [server:0] starting in -fork mode-
2025-06-05T06:33:04: PM2 log: App [server:0] online
2025-06-05T06:33:05: PM2 log: App [server:0] exited with code [1] via signal [SIGINT]
2025-06-05T06:33:05: PM2 log: App [server:0] starting in -fork mode-
2025-06-05T06:33:05: PM2 log: App [server:0] online
2025-06-05T06:33:05: PM2 log: App [server:0] exited with code [1] via signal [SIGINT]
2025-06-05T06:33:05: PM2 log: App [server:0] starting in -fork mode-
2025-06-05T06:33:05: PM2 log: App [server:0] online
2025-06-05T06:33:05: PM2 log: App [server:0] exited with code [1] via signal [SIGINT]
2025-06-05T06:33:05: PM2 log: App [server:0] starting in -fork mode-
2025-06-05T06:33:05: PM2 log: App [server:0] online
2025-06-05T06:33:06: PM2 log: App [server:0] exited with code [1] via signal [SIGINT]
2025-06-05T06:33:06: PM2 log: App [server:0] starting in -fork mode-
2025-06-05T06:33:06: PM2 log: App [server:0] online
2025-06-05T06:33:06: PM2 log: App [server:0] exited with code [1] via signal [SIGINT]
2025-06-05T06:33:06: PM2 log: Script /var/www/html/backend/server.js had too many unstable restarts (16). Stopped. "errored"
2025-06-05T06:36:22: PM2 log: App [server:1] starting in -fork mode-
2025-06-05T06:36:22: PM2 log: App [server:1] online
2025-06-05T08:10:30: PM2 log: Stopping app:server id:1
2025-06-05T08:10:30: PM2 log: App [server:1] exited with code [0] via signal [SIGINT]
2025-06-05T08:10:31: PM2 log: pid=39869 msg=process killed
2025-06-05T08:10:35: PM2 log: App [server:0] starting in -fork mode-
2025-06-05T08:10:35: PM2 log: App [server:0] online
2025-06-05T08:10:35: PM2 error: Error: spawn node ENOENT
    at ChildProcess._handle.onexit (node:internal/child_process:284:19)
    at onErrorNT (node:internal/child_process:477:16)
    at process.processTicksAndRejections (node:internal/process/task_queues:82:21)
2025-06-05T08:10:35: PM2 log: App [server:1] starting in -fork mode-
2025-06-05T08:10:35: PM2 log: App [server:1] online
2025-06-05T08:10:35: PM2 error: Error caught while calling pidusage
2025-06-05T08:10:35: PM2 error: TypeError: One of the pids provided is invalid
2025-06-05T08:10:36: PM2 error: Error caught while calling pidusage
2025-06-05T08:10:36: PM2 error: TypeError: One of the pids provided is invalid
2025-06-05T08:11:06: PM2 error: Error caught while calling pidusage
2025-06-05T08:11:06: PM2 error: TypeError: One of the pids provided is invalid
2025-06-05T08:11:36: PM2 error: Error caught while calling pidusage
2025-06-05T08:11:36: PM2 error: TypeError: One of the pids provided is invalid
2025-06-05T08:12:06: PM2 error: Error caught while calling pidusage
2025-06-05T08:12:06: PM2 error: TypeError: One of the pids provided is invalid
2025-06-05T08:12:36: PM2 error: Error caught while calling pidusage
2025-06-05T08:12:36: PM2 error: TypeError: One of the pids provided is invalid
2025-06-05T08:13:06: PM2 error: Error caught while calling pidusage
2025-06-05T08:13:06: PM2 error: TypeError: One of the pids provided is invalid
2025-06-05T08:13:36: PM2 error: Error caught while calling pidusage
2025-06-05T08:13:36: PM2 error: TypeError: One of the pids provided is invalid
2025-06-05T08:14:06: PM2 error: Error caught while calling pidusage
2025-06-05T08:14:06: PM2 error: TypeError: One of the pids provided is invalid
2025-06-05T08:14:36: PM2 error: Error caught while calling pidusage
2025-06-05T08:14:36: PM2 error: TypeError: One of the pids provided is invalid
2025-06-05T08:15:06: PM2 error: Error caught while calling pidusage
2025-06-05T08:15:06: PM2 error: TypeError: One of the pids provided is invalid
2025-06-05T08:15:36: PM2 error: Error caught while calling pidusage
2025-06-05T08:15:36: PM2 error: TypeError: One of the pids provided is invalid
2025-06-05T08:16:06: PM2 error: Error caught while calling pidusage
2025-06-05T08:16:06: PM2 error: TypeError: One of the pids provided is invalid
2025-06-05T08:16:36: PM2 error: Error caught while calling pidusage
2025-06-05T08:16:36: PM2 error: TypeError: One of the pids provided is invalid
2025-06-05T08:17:06: PM2 error: Error caught while calling pidusage
2025-06-05T08:17:06: PM2 error: TypeError: One of the pids provided is invalid
2025-06-05T08:17:36: PM2 error: Error caught while calling pidusage
2025-06-05T08:17:36: PM2 error: TypeError: One of the pids provided is invalid
2025-06-05T08:18:06: PM2 error: Error caught while calling pidusage
2025-06-05T08:18:06: PM2 error: TypeError: One of the pids provided is invalid
2025-06-05T08:18:36: PM2 error: Error caught while calling pidusage
2025-06-05T08:18:36: PM2 error: TypeError: One of the pids provided is invalid
2025-06-05T08:19:06: PM2 error: Error caught while calling pidusage
2025-06-05T08:19:06: PM2 error: TypeError: One of the pids provided is invalid
2025-06-05T08:19:36: PM2 error: Error caught while calling pidusage
2025-06-05T08:19:36: PM2 error: TypeError: One of the pids provided is invalid
2025-06-05T08:20:06: PM2 error: Error caught while calling pidusage
2025-06-05T08:20:06: PM2 error: TypeError: One of the pids provided is invalid
2025-06-05T08:20:36: PM2 error: Error caught while calling pidusage
2025-06-05T08:20:36: PM2 error: TypeError: One of the pids provided is invalid
