0 verbose cli /usr/bin/node /usr/bin/npm
1 info using npm@9.2.0
2 info using node@v18.19.1
3 timing npm:load:whichnode Completed in 0ms
4 timing config:load:defaults Completed in 2ms
5 timing config:load:file:/usr/share/nodejs/npm/npmrc Completed in 4ms
6 timing config:load:builtin Completed in 4ms
7 timing config:load:cli Completed in 4ms
8 timing config:load:env Completed in 1ms
9 timing config:load:file:/home/ubuntu/backend/.npmrc Completed in 1ms
10 timing config:load:project Completed in 6ms
11 timing config:load:file:/home/ubuntu/.npmrc Completed in 0ms
12 timing config:load:user Completed in 0ms
13 timing config:load:file:/etc/npmrc Completed in 0ms
14 timing config:load:global Completed in 2ms
15 timing config:load:setEnvs Completed in 3ms
16 timing config:load Completed in 23ms
17 timing npm:load:configload Completed in 23ms
18 timing npm:load:mkdirpcache Completed in 2ms
19 timing npm:load:mkdirplogs Completed in 0ms
20 verbose title npm install express
21 verbose argv "install" "express"
22 timing npm:load:setTitle Completed in 2ms
23 timing config:load:flatten Completed in 7ms
24 timing npm:load:display Completed in 10ms
25 verbose logfile logs-max:10 dir:/home/ubuntu/.npm/_logs/2025-06-04T13_49_32_643Z-
26 verbose logfile /home/ubuntu/.npm/_logs/2025-06-04T13_49_32_643Z-debug-0.log
27 timing npm:load:logFile Completed in 10ms
28 timing npm:load:timers Completed in 0ms
29 timing npm:load:configScope Completed in 0ms
30 timing npm:load Completed in 48ms
31 timing config:load:flatten Completed in 0ms
32 timing arborist:ctor Completed in 2ms
33 silly logfile done cleaning log files
34 timing arborist:ctor Completed in 0ms
35 timing idealTree:init Completed in 26ms
36 timing idealTree:userRequests Completed in 9ms
37 silly idealTree buildDeps
38 silly fetch manifest express@*
39 http fetch GET 200 https://registry.npmjs.org/express 155ms (cache miss)
40 silly placeDep ROOT express@5.1.0 OK for: backend@1.0.0 want: *
41 silly fetch manifest qs@^6.14.0
42 silly fetch manifest etag@^1.8.1
43 silly fetch manifest once@^1.4.0
44 silly fetch manifest send@^1.1.0
45 silly fetch manifest vary@^1.1.2
46 silly fetch manifest debug@^4.4.0
47 silly fetch manifest fresh@^2.0.0
48 silly fetch manifest cookie@^0.7.1
49 silly fetch manifest router@^2.2.0
50 silly fetch manifest accepts@^2.0.0
51 silly fetch manifest type-is@^2.0.1
52 silly fetch manifest parseurl@^1.3.3
53 silly fetch manifest statuses@^2.0.1
54 silly fetch manifest encodeurl@^2.0.0
55 silly fetch manifest mime-types@^3.0.0
56 silly fetch manifest proxy-addr@^2.0.7
57 silly fetch manifest body-parser@^2.2.0
58 silly fetch manifest escape-html@^1.0.3
59 silly fetch manifest http-errors@^2.0.0
60 silly fetch manifest on-finished@^2.4.1
61 silly fetch manifest content-type@^1.0.5
62 silly fetch manifest finalhandler@^2.1.0
63 silly fetch manifest range-parser@^1.2.1
64 silly fetch manifest serve-static@^2.2.0
65 silly fetch manifest cookie-signature@^1.2.1
66 silly fetch manifest merge-descriptors@^2.0.0
67 silly fetch manifest content-disposition@^1.0.0
68 http fetch GET 200 https://registry.npmjs.org/proxy-addr 283ms (cache miss)
69 http fetch GET 200 https://registry.npmjs.org/once 309ms (cache miss)
70 http fetch GET 200 https://registry.npmjs.org/vary 311ms (cache miss)
71 http fetch GET 200 https://registry.npmjs.org/encodeurl 316ms (cache miss)
72 http fetch GET 200 https://registry.npmjs.org/fresh 324ms (cache miss)
73 http fetch GET 200 https://registry.npmjs.org/escape-html 321ms (cache miss)
74 http fetch GET 200 https://registry.npmjs.org/qs 331ms (cache miss)
75 http fetch GET 200 https://registry.npmjs.org/parseurl 329ms (cache miss)
76 http fetch GET 200 https://registry.npmjs.org/etag 340ms (cache miss)
77 http fetch GET 200 https://registry.npmjs.org/content-disposition 324ms (cache miss)
78 http fetch GET 200 https://registry.npmjs.org/statuses 338ms (cache miss)
79 http fetch GET 200 https://registry.npmjs.org/range-parser 331ms (cache miss)
80 http fetch GET 200 https://registry.npmjs.org/content-type 334ms (cache miss)
81 http fetch GET 200 https://registry.npmjs.org/merge-descriptors 330ms (cache miss)
82 http fetch GET 200 https://registry.npmjs.org/on-finished 335ms (cache miss)
83 http fetch GET 200 https://registry.npmjs.org/cookie-signature 336ms (cache miss)
84 http fetch GET 200 https://registry.npmjs.org/cookie 349ms (cache miss)
85 http fetch GET 200 https://registry.npmjs.org/type-is 352ms (cache miss)
86 http fetch GET 200 https://registry.npmjs.org/finalhandler 348ms (cache miss)
87 http fetch GET 200 https://registry.npmjs.org/accepts 357ms (cache miss)
88 http fetch GET 200 https://registry.npmjs.org/http-errors 354ms (cache miss)
89 http fetch GET 200 https://registry.npmjs.org/body-parser 356ms (cache miss)
90 http fetch GET 200 https://registry.npmjs.org/send 368ms (cache miss)
91 http fetch GET 200 https://registry.npmjs.org/router 365ms (cache miss)
92 http fetch GET 200 https://registry.npmjs.org/serve-static 358ms (cache miss)
93 http fetch GET 200 https://registry.npmjs.org/mime-types 372ms (cache miss)
94 http fetch GET 200 https://registry.npmjs.org/debug 378ms (cache miss)
95 timing idealTree:#root Completed in 562ms
96 silly placeDep ROOT accepts@2.0.0 OK for: express@5.1.0 want: ^2.0.0
97 silly placeDep ROOT body-parser@2.2.0 OK for: express@5.1.0 want: ^2.2.0
98 silly placeDep ROOT content-disposition@1.0.0 OK for: express@5.1.0 want: ^1.0.0
99 silly placeDep ROOT content-type@1.0.5 OK for: express@5.1.0 want: ^1.0.5
100 silly placeDep ROOT cookie@0.7.2 OK for: express@5.1.0 want: ^0.7.1
101 silly placeDep ROOT cookie-signature@1.2.2 OK for: express@5.1.0 want: ^1.2.1
102 silly placeDep ROOT debug@4.4.1 OK for: express@5.1.0 want: ^4.4.0
103 silly placeDep ROOT encodeurl@2.0.0 OK for: express@5.1.0 want: ^2.0.0
104 silly placeDep ROOT escape-html@1.0.3 OK for: express@5.1.0 want: ^1.0.3
105 silly placeDep ROOT etag@1.8.1 OK for: express@5.1.0 want: ^1.8.1
106 silly placeDep ROOT finalhandler@2.1.0 OK for: express@5.1.0 want: ^2.1.0
107 silly placeDep ROOT fresh@2.0.0 OK for: express@5.1.0 want: ^2.0.0
108 silly placeDep ROOT http-errors@2.0.0 OK for: express@5.1.0 want: ^2.0.0
109 silly placeDep ROOT merge-descriptors@2.0.0 OK for: express@5.1.0 want: ^2.0.0
110 silly placeDep ROOT mime-types@3.0.1 OK for: express@5.1.0 want: ^3.0.0
111 silly placeDep ROOT on-finished@2.4.1 OK for: express@5.1.0 want: ^2.4.1
112 silly placeDep ROOT once@1.4.0 OK for: express@5.1.0 want: ^1.4.0
113 silly placeDep ROOT parseurl@1.3.3 OK for: express@5.1.0 want: ^1.3.3
114 silly placeDep ROOT proxy-addr@2.0.7 OK for: express@5.1.0 want: ^2.0.7
115 silly placeDep ROOT qs@6.14.0 OK for: express@5.1.0 want: ^6.14.0
116 silly placeDep ROOT range-parser@1.2.1 OK for: express@5.1.0 want: ^1.2.1
117 silly placeDep ROOT router@2.2.0 OK for: express@5.1.0 want: ^2.2.0
118 silly placeDep ROOT send@1.2.0 OK for: express@5.1.0 want: ^1.1.0
119 silly placeDep ROOT serve-static@2.2.0 OK for: express@5.1.0 want: ^2.2.0
120 silly placeDep ROOT statuses@2.0.1 OK for: express@5.1.0 want: ^2.0.1
121 silly placeDep ROOT type-is@2.0.1 OK for: express@5.1.0 want: ^2.0.1
122 silly placeDep ROOT vary@1.1.2 OK for: express@5.1.0 want: ^1.1.2
123 silly fetch manifest negotiator@^1.0.0
124 silly fetch manifest bytes@^3.1.2
125 silly fetch manifest iconv-lite@^0.6.3
126 silly fetch manifest raw-body@^3.0.0
127 silly fetch manifest safe-buffer@5.2.1
128 silly fetch manifest ms@^2.1.3
129 silly fetch manifest depd@2.0.0
130 silly fetch manifest inherits@2.0.4
131 silly fetch manifest toidentifier@1.0.1
132 silly fetch manifest setprototypeof@1.2.0
133 silly fetch manifest mime-db@^1.54.0
134 silly fetch manifest ee-first@1.1.1
135 silly fetch manifest wrappy@1
136 silly fetch manifest forwarded@0.2.0
137 silly fetch manifest ipaddr.js@1.9.1
138 silly fetch manifest side-channel@^1.1.0
139 silly fetch manifest depd@^2.0.0
140 silly fetch manifest is-promise@^4.0.0
141 silly fetch manifest path-to-regexp@^8.0.0
142 silly fetch manifest media-typer@^1.1.0
143 http fetch GET 200 https://registry.npmjs.org/wrappy 208ms (cache miss)
144 http fetch GET 200 https://registry.npmjs.org/toidentifier 214ms (cache miss)
145 http fetch GET 200 https://registry.npmjs.org/inherits 217ms (cache miss)
146 http fetch GET 200 https://registry.npmjs.org/depd 219ms (cache miss)
147 http fetch GET 200 https://registry.npmjs.org/forwarded 212ms (cache miss)
148 http fetch GET 200 https://registry.npmjs.org/setprototypeof 219ms (cache miss)
149 http fetch GET 200 https://registry.npmjs.org/ee-first 216ms (cache miss)
150 http fetch GET 200 https://registry.npmjs.org/depd 211ms (cache miss)
151 http fetch GET 200 https://registry.npmjs.org/safe-buffer 230ms (cache miss)
152 http fetch GET 200 https://registry.npmjs.org/media-typer 209ms (cache miss)
153 http fetch GET 200 https://registry.npmjs.org/bytes 233ms (cache miss)
154 http fetch GET 200 https://registry.npmjs.org/is-promise 216ms (cache miss)
155 http fetch GET 200 https://registry.npmjs.org/side-channel 218ms (cache miss)
156 http fetch GET 200 https://registry.npmjs.org/path-to-regexp 217ms (cache miss)
157 http fetch GET 200 https://registry.npmjs.org/negotiator 242ms (cache miss)
158 http fetch GET 200 https://registry.npmjs.org/ipaddr.js 223ms (cache miss)
159 http fetch GET 200 https://registry.npmjs.org/ms 239ms (cache miss)
160 http fetch GET 200 https://registry.npmjs.org/raw-body 242ms (cache miss)
161 http fetch GET 200 https://registry.npmjs.org/iconv-lite 247ms (cache miss)
162 http fetch GET 200 https://registry.npmjs.org/mime-db 243ms (cache miss)
163 timing idealTree:node_modules/express Completed in 331ms
164 silly placeDep ROOT negotiator@1.0.0 OK for: accepts@2.0.0 want: ^1.0.0
165 timing idealTree:node_modules/accepts Completed in 2ms
166 silly placeDep ROOT bytes@3.1.2 OK for: body-parser@2.2.0 want: ^3.1.2
167 silly placeDep ROOT iconv-lite@0.6.3 OK for: body-parser@2.2.0 want: ^0.6.3
168 silly placeDep ROOT raw-body@3.0.0 OK for: body-parser@2.2.0 want: ^3.0.0
169 silly fetch manifest safer-buffer@>= 2.1.2 < 3.0.0
170 silly fetch manifest unpipe@1.0.0
171 http fetch GET 200 https://registry.npmjs.org/unpipe 29ms (cache miss)
172 http fetch GET 200 https://registry.npmjs.org/safer-buffer 29ms (cache miss)
173 timing idealTree:node_modules/body-parser Completed in 38ms
174 timing idealTree:node_modules/bytes Completed in 0ms
175 silly placeDep ROOT safe-buffer@5.2.1 OK for: content-disposition@1.0.0 want: 5.2.1
176 timing idealTree:node_modules/content-disposition Completed in 5ms
177 timing idealTree:node_modules/content-type Completed in 0ms
178 timing idealTree:node_modules/cookie Completed in 0ms
179 timing idealTree:node_modules/cookie-signature Completed in 0ms
180 silly placeDep ROOT ms@2.1.3 OK for: debug@4.4.1 want: ^2.1.3
181 timing idealTree:node_modules/debug Completed in 3ms
182 timing idealTree:node_modules/encodeurl Completed in 0ms
183 timing idealTree:node_modules/escape-html Completed in 0ms
184 timing idealTree:node_modules/etag Completed in 0ms
185 timing idealTree:node_modules/finalhandler Completed in 0ms
186 timing idealTree:node_modules/fresh Completed in 0ms
187 silly placeDep ROOT depd@2.0.0 OK for: http-errors@2.0.0 want: 2.0.0
188 silly placeDep ROOT inherits@2.0.4 OK for: http-errors@2.0.0 want: 2.0.4
189 silly placeDep ROOT setprototypeof@1.2.0 OK for: http-errors@2.0.0 want: 1.2.0
190 silly placeDep ROOT toidentifier@1.0.1 OK for: http-errors@2.0.0 want: 1.0.1
191 timing idealTree:node_modules/http-errors Completed in 8ms
192 timing idealTree:node_modules/depd Completed in 0ms
193 silly placeDep ROOT safer-buffer@2.1.2 OK for: iconv-lite@0.6.3 want: >= 2.1.2 < 3.0.0
194 timing idealTree:node_modules/iconv-lite Completed in 1ms
195 timing idealTree:node_modules/inherits Completed in 0ms
196 timing idealTree:node_modules/merge-descriptors Completed in 0ms
197 silly placeDep ROOT mime-db@1.54.0 OK for: mime-types@3.0.1 want: ^1.54.0
198 timing idealTree:node_modules/mime-types Completed in 1ms
199 timing idealTree:node_modules/mime-db Completed in 0ms
200 timing idealTree:node_modules/ms Completed in 0ms
201 timing idealTree:node_modules/negotiator Completed in 0ms
202 silly placeDep ROOT ee-first@1.1.1 OK for: on-finished@2.4.1 want: 1.1.1
203 timing idealTree:node_modules/on-finished Completed in 1ms
204 timing idealTree:node_modules/ee-first Completed in 0ms
205 silly placeDep ROOT wrappy@1.0.2 OK for: once@1.4.0 want: 1
206 timing idealTree:node_modules/once Completed in 1ms
207 timing idealTree:node_modules/parseurl Completed in 0ms
208 silly placeDep ROOT forwarded@0.2.0 OK for: proxy-addr@2.0.7 want: 0.2.0
209 silly placeDep ROOT ipaddr.js@1.9.1 OK for: proxy-addr@2.0.7 want: 1.9.1
210 timing idealTree:node_modules/proxy-addr Completed in 2ms
211 timing idealTree:node_modules/forwarded Completed in 0ms
212 timing idealTree:node_modules/ipaddr.js Completed in 0ms
213 silly placeDep ROOT side-channel@1.1.0 OK for: qs@6.14.0 want: ^1.1.0
214 silly fetch manifest es-errors@^1.3.0
215 silly fetch manifest object-inspect@^1.13.3
216 silly fetch manifest side-channel-list@^1.0.0
217 silly fetch manifest side-channel-map@^1.0.1
218 silly fetch manifest side-channel-weakmap@^1.0.2
219 http fetch GET 200 https://registry.npmjs.org/es-errors 34ms (cache miss)
220 http fetch GET 200 https://registry.npmjs.org/side-channel-list 43ms (cache miss)
221 http fetch GET 200 https://registry.npmjs.org/side-channel-map 46ms (cache miss)
222 http fetch GET 200 https://registry.npmjs.org/side-channel-weakmap 47ms (cache miss)
223 http fetch GET 200 https://registry.npmjs.org/object-inspect 54ms (cache miss)
224 timing idealTree:node_modules/qs Completed in 57ms
225 timing idealTree:node_modules/range-parser Completed in 0ms
226 silly placeDep ROOT unpipe@1.0.0 OK for: raw-body@3.0.0 want: 1.0.0
227 timing idealTree:node_modules/raw-body Completed in 4ms
228 silly placeDep ROOT is-promise@4.0.0 OK for: router@2.2.0 want: ^4.0.0
229 silly placeDep ROOT path-to-regexp@8.2.0 OK for: router@2.2.0 want: ^8.0.0
230 timing idealTree:node_modules/router Completed in 4ms
231 timing idealTree:node_modules/is-promise Completed in 0ms
232 timing idealTree:node_modules/path-to-regexp Completed in 0ms
233 timing idealTree:node_modules/safe-buffer Completed in 0ms
234 timing idealTree:node_modules/safer-buffer Completed in 0ms
235 timing idealTree:node_modules/send Completed in 0ms
236 timing idealTree:node_modules/serve-static Completed in 0ms
237 timing idealTree:node_modules/setprototypeof Completed in 0ms
238 silly placeDep ROOT es-errors@1.3.0 OK for: side-channel@1.1.0 want: ^1.3.0
239 silly placeDep ROOT object-inspect@1.13.4 OK for: side-channel@1.1.0 want: ^1.13.3
240 silly placeDep ROOT side-channel-list@1.0.0 OK for: side-channel@1.1.0 want: ^1.0.0
241 silly placeDep ROOT side-channel-map@1.0.1 OK for: side-channel@1.1.0 want: ^1.0.1
242 silly placeDep ROOT side-channel-weakmap@1.0.2 OK for: side-channel@1.1.0 want: ^1.0.2
243 silly fetch manifest call-bound@^1.0.2
244 silly fetch manifest get-intrinsic@^1.2.5
245 http fetch GET 200 https://registry.npmjs.org/get-intrinsic 25ms (cache miss)
246 http fetch GET 200 https://registry.npmjs.org/call-bound 36ms (cache miss)
247 timing idealTree:node_modules/side-channel Completed in 57ms
248 timing idealTree:node_modules/es-errors Completed in 0ms
249 timing idealTree:node_modules/object-inspect Completed in 0ms
250 timing idealTree:node_modules/side-channel-list Completed in 0ms
251 silly placeDep ROOT call-bound@1.0.4 OK for: side-channel-map@1.0.1 want: ^1.0.2
252 silly placeDep ROOT get-intrinsic@1.3.0 OK for: side-channel-map@1.0.1 want: ^1.2.5
253 silly fetch manifest call-bind-apply-helpers@^1.0.2
254 silly fetch manifest es-define-property@^1.0.1
255 silly fetch manifest es-object-atoms@^1.1.1
256 silly fetch manifest function-bind@^1.1.2
257 silly fetch manifest get-proto@^1.0.1
258 silly fetch manifest gopd@^1.2.0
259 silly fetch manifest has-symbols@^1.1.0
260 silly fetch manifest hasown@^2.0.2
261 silly fetch manifest math-intrinsics@^1.1.0
262 http fetch GET 200 https://registry.npmjs.org/get-proto 122ms (cache miss)
263 http fetch GET 200 https://registry.npmjs.org/es-object-atoms 124ms (cache miss)
264 http fetch GET 200 https://registry.npmjs.org/gopd 121ms (cache miss)
265 http fetch GET 200 https://registry.npmjs.org/call-bind-apply-helpers 127ms (cache miss)
266 http fetch GET 200 https://registry.npmjs.org/function-bind 125ms (cache miss)
267 http fetch GET 200 https://registry.npmjs.org/es-define-property 127ms (cache miss)
268 http fetch GET 200 https://registry.npmjs.org/math-intrinsics 122ms (cache miss)
269 http fetch GET 200 https://registry.npmjs.org/has-symbols 126ms (cache miss)
270 http fetch GET 200 https://registry.npmjs.org/hasown 126ms (cache miss)
271 timing idealTree:node_modules/side-channel-map Completed in 142ms
272 silly placeDep ROOT call-bind-apply-helpers@1.0.2 OK for: call-bound@1.0.4 want: ^1.0.2
273 timing idealTree:node_modules/call-bound Completed in 4ms
274 silly placeDep ROOT function-bind@1.1.2 OK for: call-bind-apply-helpers@1.0.2 want: ^1.1.2
275 timing idealTree:node_modules/call-bind-apply-helpers Completed in 5ms
276 timing idealTree:node_modules/function-bind Completed in 0ms
277 silly placeDep ROOT es-define-property@1.0.1 OK for: get-intrinsic@1.3.0 want: ^1.0.1
278 silly placeDep ROOT es-object-atoms@1.1.1 OK for: get-intrinsic@1.3.0 want: ^1.1.1
279 silly placeDep ROOT get-proto@1.0.1 OK for: get-intrinsic@1.3.0 want: ^1.0.1
280 silly placeDep ROOT gopd@1.2.0 OK for: get-intrinsic@1.3.0 want: ^1.2.0
281 silly placeDep ROOT has-symbols@1.1.0 OK for: get-intrinsic@1.3.0 want: ^1.1.0
282 silly placeDep ROOT hasown@2.0.2 OK for: get-intrinsic@1.3.0 want: ^2.0.2
283 silly placeDep ROOT math-intrinsics@1.1.0 OK for: get-intrinsic@1.3.0 want: ^1.1.0
284 silly fetch manifest dunder-proto@^1.0.1
285 http fetch GET 200 https://registry.npmjs.org/dunder-proto 39ms (cache miss)
286 timing idealTree:node_modules/get-intrinsic Completed in 53ms
287 timing idealTree:node_modules/es-define-property Completed in 0ms
288 timing idealTree:node_modules/es-object-atoms Completed in 0ms
289 silly placeDep ROOT dunder-proto@1.0.1 OK for: get-proto@1.0.1 want: ^1.0.1
290 timing idealTree:node_modules/get-proto Completed in 3ms
291 timing idealTree:node_modules/dunder-proto Completed in 0ms
292 timing idealTree:node_modules/gopd Completed in 0ms
293 timing idealTree:node_modules/has-symbols Completed in 0ms
294 timing idealTree:node_modules/hasown Completed in 0ms
295 timing idealTree:node_modules/math-intrinsics Completed in 0ms
296 timing idealTree:node_modules/side-channel-weakmap Completed in 0ms
297 timing idealTree:node_modules/statuses Completed in 0ms
298 timing idealTree:node_modules/toidentifier Completed in 0ms
299 silly placeDep ROOT media-typer@1.1.0 OK for: type-is@2.0.1 want: ^1.1.0
300 timing idealTree:node_modules/type-is Completed in 3ms
301 timing idealTree:node_modules/media-typer Completed in 0ms
302 timing idealTree:node_modules/unpipe Completed in 0ms
303 timing idealTree:node_modules/vary Completed in 0ms
304 timing idealTree:node_modules/wrappy Completed in 0ms
305 timing idealTree:buildDeps Completed in 1299ms
306 timing idealTree:fixDepFlags Completed in 4ms
307 timing idealTree Completed in 1345ms
308 timing reify:loadTrees Completed in 1347ms
309 timing reify:diffTrees Completed in 6ms
310 silly reify moves {}
311 timing reify:retireShallow Completed in 2ms
312 timing reify:createSparse Completed in 18ms
313 timing reify:loadBundles Completed in 0ms
314 silly audit bulk request {
314 silly audit   express: [ '5.1.0' ],
314 silly audit   accepts: [ '2.0.0' ],
314 silly audit   'body-parser': [ '2.2.0' ],
314 silly audit   'content-disposition': [ '1.0.0' ],
314 silly audit   'content-type': [ '1.0.5' ],
314 silly audit   cookie: [ '0.7.2' ],
314 silly audit   'cookie-signature': [ '1.2.2' ],
314 silly audit   debug: [ '4.4.1' ],
314 silly audit   encodeurl: [ '2.0.0' ],
314 silly audit   'escape-html': [ '1.0.3' ],
314 silly audit   etag: [ '1.8.1' ],
314 silly audit   finalhandler: [ '2.1.0' ],
314 silly audit   fresh: [ '2.0.0' ],
314 silly audit   'http-errors': [ '2.0.0' ],
314 silly audit   'merge-descriptors': [ '2.0.0' ],
314 silly audit   'mime-types': [ '3.0.1' ],
314 silly audit   'on-finished': [ '2.4.1' ],
314 silly audit   once: [ '1.4.0' ],
314 silly audit   parseurl: [ '1.3.3' ],
314 silly audit   'proxy-addr': [ '2.0.7' ],
314 silly audit   qs: [ '6.14.0' ],
314 silly audit   'range-parser': [ '1.2.1' ],
314 silly audit   router: [ '2.2.0' ],
314 silly audit   send: [ '1.2.0' ],
314 silly audit   'serve-static': [ '2.2.0' ],
314 silly audit   statuses: [ '2.0.1' ],
314 silly audit   'type-is': [ '2.0.1' ],
314 silly audit   vary: [ '1.1.2' ],
314 silly audit   negotiator: [ '1.0.0' ],
314 silly audit   bytes: [ '3.1.2' ],
314 silly audit   'iconv-lite': [ '0.6.3' ],
314 silly audit   'raw-body': [ '3.0.0' ],
314 silly audit   'safe-buffer': [ '5.2.1' ],
314 silly audit   ms: [ '2.1.3' ],
314 silly audit   depd: [ '2.0.0' ],
314 silly audit   inherits: [ '2.0.4' ],
314 silly audit   setprototypeof: [ '1.2.0' ],
314 silly audit   toidentifier: [ '1.0.1' ],
314 silly audit   'safer-buffer': [ '2.1.2' ],
314 silly audit   'mime-db': [ '1.54.0' ],
314 silly audit   'ee-first': [ '1.1.1' ],
314 silly audit   wrappy: [ '1.0.2' ],
314 silly audit   forwarded: [ '0.2.0' ],
314 silly audit   'ipaddr.js': [ '1.9.1' ],
314 silly audit   'side-channel': [ '1.1.0' ],
314 silly audit   unpipe: [ '1.0.0' ],
314 silly audit   'is-promise': [ '4.0.0' ],
314 silly audit   'path-to-regexp': [ '8.2.0' ],
314 silly audit   'es-errors': [ '1.3.0' ],
314 silly audit   'object-inspect': [ '1.13.4' ],
314 silly audit   'side-channel-list': [ '1.0.0' ],
314 silly audit   'side-channel-map': [ '1.0.1' ],
314 silly audit   'side-channel-weakmap': [ '1.0.2' ],
314 silly audit   'call-bound': [ '1.0.4' ],
314 silly audit   'get-intrinsic': [ '1.3.0' ],
314 silly audit   'call-bind-apply-helpers': [ '1.0.2' ],
314 silly audit   'function-bind': [ '1.1.2' ],
314 silly audit   'es-define-property': [ '1.0.1' ],
314 silly audit   'es-object-atoms': [ '1.1.1' ],
314 silly audit   'get-proto': [ '1.0.1' ],
314 silly audit   gopd: [ '1.2.0' ],
314 silly audit   'has-symbols': [ '1.1.0' ],
314 silly audit   hasown: [ '2.0.2' ],
314 silly audit   'math-intrinsics': [ '1.1.0' ],
314 silly audit   'dunder-proto': [ '1.0.1' ],
314 silly audit   'media-typer': [ '1.1.0' ]
314 silly audit }
315 silly tarball no local data for escape-html@https://registry.npmjs.org/escape-html/-/escape-html-1.0.3.tgz. Extracting by manifest.
316 silly tarball no local data for encodeurl@https://registry.npmjs.org/encodeurl/-/encodeurl-2.0.0.tgz. Extracting by manifest.
317 silly tarball no local data for debug@https://registry.npmjs.org/debug/-/debug-4.4.1.tgz. Extracting by manifest.
318 silly tarball no local data for media-typer@https://registry.npmjs.org/media-typer/-/media-typer-1.1.0.tgz. Extracting by manifest.
319 silly tarball no local data for dunder-proto@https://registry.npmjs.org/dunder-proto/-/dunder-proto-1.0.1.tgz. Extracting by manifest.
320 silly tarball no local data for math-intrinsics@https://registry.npmjs.org/math-intrinsics/-/math-intrinsics-1.1.0.tgz. Extracting by manifest.
321 silly tarball no local data for hasown@https://registry.npmjs.org/hasown/-/hasown-2.0.2.tgz. Extracting by manifest.
322 silly tarball no local data for has-symbols@https://registry.npmjs.org/has-symbols/-/has-symbols-1.1.0.tgz. Extracting by manifest.
323 silly tarball no local data for gopd@https://registry.npmjs.org/gopd/-/gopd-1.2.0.tgz. Extracting by manifest.
324 silly tarball no local data for get-proto@https://registry.npmjs.org/get-proto/-/get-proto-1.0.1.tgz. Extracting by manifest.
325 silly tarball no local data for es-object-atoms@https://registry.npmjs.org/es-object-atoms/-/es-object-atoms-1.1.1.tgz. Extracting by manifest.
326 silly tarball no local data for es-define-property@https://registry.npmjs.org/es-define-property/-/es-define-property-1.0.1.tgz. Extracting by manifest.
327 silly tarball no local data for function-bind@https://registry.npmjs.org/function-bind/-/function-bind-1.1.2.tgz. Extracting by manifest.
328 silly tarball no local data for call-bind-apply-helpers@https://registry.npmjs.org/call-bind-apply-helpers/-/call-bind-apply-helpers-1.0.2.tgz. Extracting by manifest.
329 silly tarball no local data for get-intrinsic@https://registry.npmjs.org/get-intrinsic/-/get-intrinsic-1.3.0.tgz. Extracting by manifest.
330 silly tarball no local data for call-bound@https://registry.npmjs.org/call-bound/-/call-bound-1.0.4.tgz. Extracting by manifest.
331 silly tarball no local data for side-channel-weakmap@https://registry.npmjs.org/side-channel-weakmap/-/side-channel-weakmap-1.0.2.tgz. Extracting by manifest.
332 silly tarball no local data for side-channel-map@https://registry.npmjs.org/side-channel-map/-/side-channel-map-1.0.1.tgz. Extracting by manifest.
333 silly tarball no local data for side-channel-list@https://registry.npmjs.org/side-channel-list/-/side-channel-list-1.0.0.tgz. Extracting by manifest.
334 silly tarball no local data for object-inspect@https://registry.npmjs.org/object-inspect/-/object-inspect-1.13.4.tgz. Extracting by manifest.
335 silly tarball no local data for es-errors@https://registry.npmjs.org/es-errors/-/es-errors-1.3.0.tgz. Extracting by manifest.
336 silly tarball no local data for path-to-regexp@https://registry.npmjs.org/path-to-regexp/-/path-to-regexp-8.2.0.tgz. Extracting by manifest.
337 silly tarball no local data for is-promise@https://registry.npmjs.org/is-promise/-/is-promise-4.0.0.tgz. Extracting by manifest.
338 silly tarball no local data for unpipe@https://registry.npmjs.org/unpipe/-/unpipe-1.0.0.tgz. Extracting by manifest.
339 silly tarball no local data for side-channel@https://registry.npmjs.org/side-channel/-/side-channel-1.1.0.tgz. Extracting by manifest.
340 silly tarball no local data for ipaddr.js@https://registry.npmjs.org/ipaddr.js/-/ipaddr.js-1.9.1.tgz. Extracting by manifest.
341 silly tarball no local data for forwarded@https://registry.npmjs.org/forwarded/-/forwarded-0.2.0.tgz. Extracting by manifest.
342 silly tarball no local data for wrappy@https://registry.npmjs.org/wrappy/-/wrappy-1.0.2.tgz. Extracting by manifest.
343 silly tarball no local data for ee-first@https://registry.npmjs.org/ee-first/-/ee-first-1.1.1.tgz. Extracting by manifest.
344 silly tarball no local data for mime-db@https://registry.npmjs.org/mime-db/-/mime-db-1.54.0.tgz. Extracting by manifest.
345 silly tarball no local data for safer-buffer@https://registry.npmjs.org/safer-buffer/-/safer-buffer-2.1.2.tgz. Extracting by manifest.
346 silly tarball no local data for toidentifier@https://registry.npmjs.org/toidentifier/-/toidentifier-1.0.1.tgz. Extracting by manifest.
347 silly tarball no local data for setprototypeof@https://registry.npmjs.org/setprototypeof/-/setprototypeof-1.2.0.tgz. Extracting by manifest.
348 silly tarball no local data for inherits@https://registry.npmjs.org/inherits/-/inherits-2.0.4.tgz. Extracting by manifest.
349 silly tarball no local data for depd@https://registry.npmjs.org/depd/-/depd-2.0.0.tgz. Extracting by manifest.
350 silly tarball no local data for ms@https://registry.npmjs.org/ms/-/ms-2.1.3.tgz. Extracting by manifest.
351 silly tarball no local data for safe-buffer@https://registry.npmjs.org/safe-buffer/-/safe-buffer-5.2.1.tgz. Extracting by manifest.
352 silly tarball no local data for raw-body@https://registry.npmjs.org/raw-body/-/raw-body-3.0.0.tgz. Extracting by manifest.
353 silly tarball no local data for iconv-lite@https://registry.npmjs.org/iconv-lite/-/iconv-lite-0.6.3.tgz. Extracting by manifest.
354 silly tarball no local data for bytes@https://registry.npmjs.org/bytes/-/bytes-3.1.2.tgz. Extracting by manifest.
355 silly tarball no local data for negotiator@https://registry.npmjs.org/negotiator/-/negotiator-1.0.0.tgz. Extracting by manifest.
356 silly tarball no local data for vary@https://registry.npmjs.org/vary/-/vary-1.1.2.tgz. Extracting by manifest.
357 silly tarball no local data for type-is@https://registry.npmjs.org/type-is/-/type-is-2.0.1.tgz. Extracting by manifest.
358 silly tarball no local data for statuses@https://registry.npmjs.org/statuses/-/statuses-2.0.1.tgz. Extracting by manifest.
359 silly tarball no local data for serve-static@https://registry.npmjs.org/serve-static/-/serve-static-2.2.0.tgz. Extracting by manifest.
360 silly tarball no local data for send@https://registry.npmjs.org/send/-/send-1.2.0.tgz. Extracting by manifest.
361 silly tarball no local data for router@https://registry.npmjs.org/router/-/router-2.2.0.tgz. Extracting by manifest.
362 silly tarball no local data for range-parser@https://registry.npmjs.org/range-parser/-/range-parser-1.2.1.tgz. Extracting by manifest.
363 silly tarball no local data for qs@https://registry.npmjs.org/qs/-/qs-6.14.0.tgz. Extracting by manifest.
364 silly tarball no local data for proxy-addr@https://registry.npmjs.org/proxy-addr/-/proxy-addr-2.0.7.tgz. Extracting by manifest.
365 silly tarball no local data for parseurl@https://registry.npmjs.org/parseurl/-/parseurl-1.3.3.tgz. Extracting by manifest.
366 silly tarball no local data for once@https://registry.npmjs.org/once/-/once-1.4.0.tgz. Extracting by manifest.
367 silly tarball no local data for on-finished@https://registry.npmjs.org/on-finished/-/on-finished-2.4.1.tgz. Extracting by manifest.
368 silly tarball no local data for mime-types@https://registry.npmjs.org/mime-types/-/mime-types-3.0.1.tgz. Extracting by manifest.
369 silly tarball no local data for merge-descriptors@https://registry.npmjs.org/merge-descriptors/-/merge-descriptors-2.0.0.tgz. Extracting by manifest.
370 silly tarball no local data for http-errors@https://registry.npmjs.org/http-errors/-/http-errors-2.0.0.tgz. Extracting by manifest.
371 silly tarball no local data for fresh@https://registry.npmjs.org/fresh/-/fresh-2.0.0.tgz. Extracting by manifest.
372 silly tarball no local data for finalhandler@https://registry.npmjs.org/finalhandler/-/finalhandler-2.1.0.tgz. Extracting by manifest.
373 silly tarball no local data for etag@https://registry.npmjs.org/etag/-/etag-1.8.1.tgz. Extracting by manifest.
374 silly tarball no local data for cookie-signature@https://registry.npmjs.org/cookie-signature/-/cookie-signature-1.2.2.tgz. Extracting by manifest.
375 silly tarball no local data for cookie@https://registry.npmjs.org/cookie/-/cookie-0.7.2.tgz. Extracting by manifest.
376 silly tarball no local data for content-type@https://registry.npmjs.org/content-type/-/content-type-1.0.5.tgz. Extracting by manifest.
377 silly tarball no local data for content-disposition@https://registry.npmjs.org/content-disposition/-/content-disposition-1.0.0.tgz. Extracting by manifest.
378 silly tarball no local data for body-parser@https://registry.npmjs.org/body-parser/-/body-parser-2.2.0.tgz. Extracting by manifest.
379 silly tarball no local data for accepts@https://registry.npmjs.org/accepts/-/accepts-2.0.0.tgz. Extracting by manifest.
380 silly tarball no local data for express@https://registry.npmjs.org/express/-/express-5.1.0.tgz. Extracting by manifest.
381 http fetch POST 200 https://registry.npmjs.org/-/npm/v1/security/advisories/bulk 497ms
382 timing auditReport:getReport Completed in 505ms
383 silly audit report {}
384 timing auditReport:init Completed in 0ms
385 timing reify:audit Completed in 508ms
386 http fetch GET 200 https://registry.npmjs.org/safe-buffer/-/safe-buffer-5.2.1.tgz 949ms (cache miss)
387 timing reifyNode:node_modules/safe-buffer Completed in 1172ms
388 http fetch GET 200 https://registry.npmjs.org/function-bind/-/function-bind-1.1.2.tgz 1084ms (cache miss)
389 http fetch GET 200 https://registry.npmjs.org/toidentifier/-/toidentifier-1.0.1.tgz 1009ms (cache miss)
390 timing reifyNode:node_modules/toidentifier Completed in 1190ms
391 http fetch GET 200 https://registry.npmjs.org/inherits/-/inherits-2.0.4.tgz 990ms (cache miss)
392 timing reifyNode:node_modules/inherits Completed in 1192ms
393 http fetch GET 200 https://registry.npmjs.org/escape-html/-/escape-html-1.0.3.tgz 1140ms (cache miss)
394 timing reifyNode:node_modules/escape-html Completed in 1202ms
395 http fetch GET 200 https://registry.npmjs.org/media-typer/-/media-typer-1.1.0.tgz 1127ms (cache miss)
396 timing reifyNode:node_modules/media-typer Completed in 1209ms
397 http fetch GET 200 https://registry.npmjs.org/hasown/-/hasown-2.0.2.tgz 1124ms (cache miss)
398 http fetch GET 200 https://registry.npmjs.org/is-promise/-/is-promise-4.0.0.tgz 1081ms (cache miss)
399 timing reifyNode:node_modules/is-promise Completed in 1210ms
400 http fetch GET 200 https://registry.npmjs.org/fresh/-/fresh-2.0.0.tgz 936ms (cache miss)
401 timing reifyNode:node_modules/fresh Completed in 1212ms
402 http fetch GET 200 https://registry.npmjs.org/on-finished/-/on-finished-2.4.1.tgz 948ms (cache miss)
403 timing reifyNode:node_modules/on-finished Completed in 1217ms
404 http fetch GET 200 https://registry.npmjs.org/encodeurl/-/encodeurl-2.0.0.tgz 1147ms (cache miss)
405 timing reifyNode:node_modules/encodeurl Completed in 1216ms
406 http fetch GET 200 https://registry.npmjs.org/unpipe/-/unpipe-1.0.0.tgz 1091ms (cache miss)
407 timing reifyNode:node_modules/unpipe Completed in 1220ms
408 http fetch GET 200 https://registry.npmjs.org/side-channel/-/side-channel-1.1.0.tgz 1089ms (cache miss)
409 http fetch GET 200 https://registry.npmjs.org/setprototypeof/-/setprototypeof-1.2.0.tgz 1026ms (cache miss)
410 timing reifyNode:node_modules/setprototypeof Completed in 1223ms
411 http fetch GET 200 https://registry.npmjs.org/ee-first/-/ee-first-1.1.1.tgz 1079ms (cache miss)
412 timing reifyNode:node_modules/ee-first Completed in 1223ms
413 http fetch GET 200 https://registry.npmjs.org/bytes/-/bytes-3.1.2.tgz 1005ms (cache miss)
414 timing reifyNode:node_modules/bytes Completed in 1224ms
415 http fetch GET 200 https://registry.npmjs.org/merge-descriptors/-/merge-descriptors-2.0.0.tgz 950ms (cache miss)
416 timing reifyNode:node_modules/merge-descriptors Completed in 1223ms
417 http fetch GET 200 https://registry.npmjs.org/cookie-signature/-/cookie-signature-1.2.2.tgz 937ms (cache miss)
418 timing reifyNode:node_modules/cookie-signature Completed in 1223ms
419 http fetch GET 200 https://registry.npmjs.org/dunder-proto/-/dunder-proto-1.0.1.tgz 1149ms (cache miss)
420 timing reifyNode:node_modules/hasown Completed in 1230ms
421 http fetch GET 200 https://registry.npmjs.org/es-define-property/-/es-define-property-1.0.1.tgz 1136ms (cache miss)
422 http fetch GET 200 https://registry.npmjs.org/wrappy/-/wrappy-1.0.2.tgz 1099ms (cache miss)
423 timing reifyNode:node_modules/wrappy Completed in 1240ms
424 http fetch GET 200 https://registry.npmjs.org/serve-static/-/serve-static-2.2.0.tgz 998ms (cache miss)
425 timing reifyNode:node_modules/serve-static Completed in 1243ms
426 http fetch GET 200 https://registry.npmjs.org/range-parser/-/range-parser-1.2.1.tgz 993ms (cache miss)
427 timing reifyNode:node_modules/range-parser Completed in 1244ms
428 http fetch GET 200 https://registry.npmjs.org/http-errors/-/http-errors-2.0.0.tgz 969ms (cache miss)
429 timing reifyNode:node_modules/http-errors Completed in 1243ms
430 http fetch GET 200 https://registry.npmjs.org/finalhandler/-/finalhandler-2.1.0.tgz 965ms (cache miss)
431 timing reifyNode:node_modules/finalhandler Completed in 1243ms
432 http fetch GET 200 https://registry.npmjs.org/etag/-/etag-1.8.1.tgz 964ms (cache miss)
433 timing reifyNode:node_modules/etag Completed in 1246ms
434 http fetch GET 200 https://registry.npmjs.org/negotiator/-/negotiator-1.0.0.tgz 1026ms (cache miss)
435 timing reifyNode:node_modules/side-channel Completed in 1257ms
436 http fetch GET 200 https://registry.npmjs.org/call-bound/-/call-bound-1.0.4.tgz 1150ms (cache miss)
437 http fetch GET 200 https://registry.npmjs.org/side-channel-list/-/side-channel-list-1.0.0.tgz 1148ms (cache miss)
438 http fetch GET 200 https://registry.npmjs.org/ms/-/ms-2.1.3.tgz 1060ms (cache miss)
439 timing reifyNode:node_modules/ms Completed in 1267ms
440 http fetch GET 200 https://registry.npmjs.org/forwarded/-/forwarded-0.2.0.tgz 1128ms (cache miss)
441 timing reifyNode:node_modules/forwarded Completed in 1268ms
442 http fetch GET 200 https://registry.npmjs.org/accepts/-/accepts-2.0.0.tgz 968ms (cache miss)
443 timing reifyNode:node_modules/accepts Completed in 1265ms
444 http fetch GET 200 https://registry.npmjs.org/content-type/-/content-type-1.0.5.tgz 975ms (cache miss)
445 timing reifyNode:node_modules/content-type Completed in 1267ms
446 http fetch GET 200 https://registry.npmjs.org/cookie/-/cookie-0.7.2.tgz 979ms (cache miss)
447 timing reifyNode:node_modules/cookie Completed in 1267ms
448 http fetch GET 200 https://registry.npmjs.org/type-is/-/type-is-2.0.1.tgz 1035ms (cache miss)
449 timing reifyNode:node_modules/type-is Completed in 1268ms
450 http fetch GET 200 https://registry.npmjs.org/vary/-/vary-1.1.2.tgz 1046ms (cache miss)
451 timing reifyNode:node_modules/vary Completed in 1271ms
452 http fetch GET 200 https://registry.npmjs.org/statuses/-/statuses-2.0.1.tgz 1035ms (cache miss)
453 timing reifyNode:node_modules/statuses Completed in 1272ms
454 http fetch GET 200 https://registry.npmjs.org/send/-/send-1.2.0.tgz 1029ms (cache miss)
455 timing reifyNode:node_modules/send Completed in 1273ms
456 http fetch GET 200 https://registry.npmjs.org/get-proto/-/get-proto-1.0.1.tgz 1185ms (cache miss)
457 http fetch GET 200 https://registry.npmjs.org/side-channel-weakmap/-/side-channel-weakmap-1.0.2.tgz 1166ms (cache miss)
458 http fetch GET 200 https://registry.npmjs.org/router/-/router-2.2.0.tgz 1035ms (cache miss)
459 http fetch GET 200 https://registry.npmjs.org/mime-types/-/mime-types-3.0.1.tgz 1010ms (cache miss)
460 timing reifyNode:node_modules/mime-types Completed in 1281ms
461 http fetch GET 200 https://registry.npmjs.org/once/-/once-1.4.0.tgz 1017ms (cache miss)
462 timing reifyNode:node_modules/once Completed in 1282ms
463 timing reifyNode:node_modules/dunder-proto Completed in 1286ms
464 http fetch GET 200 https://registry.npmjs.org/gopd/-/gopd-1.2.0.tgz 1194ms (cache miss)
465 timing reifyNode:node_modules/es-define-property Completed in 1290ms
466 http fetch GET 200 https://registry.npmjs.org/content-disposition/-/content-disposition-1.0.0.tgz 994ms (cache miss)
467 timing reifyNode:node_modules/content-disposition Completed in 1287ms
468 timing reifyNode:node_modules/negotiator Completed in 1289ms
469 timing reifyNode:node_modules/function-bind Completed in 1292ms
470 timing reifyNode:node_modules/call-bound Completed in 1294ms
471 http fetch GET 200 https://registry.npmjs.org/side-channel-map/-/side-channel-map-1.0.1.tgz 1179ms (cache miss)
472 timing reifyNode:node_modules/side-channel-map Completed in 1294ms
473 timing reifyNode:node_modules/side-channel-list Completed in 1294ms
474 http fetch GET 200 https://registry.npmjs.org/parseurl/-/parseurl-1.3.3.tgz 1032ms (cache miss)
475 timing reifyNode:node_modules/parseurl Completed in 1293ms
476 http fetch GET 200 https://registry.npmjs.org/es-object-atoms/-/es-object-atoms-1.1.1.tgz 1203ms (cache miss)
477 timing reifyNode:node_modules/get-proto Completed in 1301ms
478 timing reifyNode:node_modules/side-channel-weakmap Completed in 1301ms
479 http fetch GET 200 https://registry.npmjs.org/safer-buffer/-/safer-buffer-2.1.2.tgz 1132ms (cache miss)
480 timing reifyNode:node_modules/safer-buffer Completed in 1300ms
481 http fetch GET 200 https://registry.npmjs.org/depd/-/depd-2.0.0.tgz 1095ms (cache miss)
482 timing reifyNode:node_modules/depd Completed in 1300ms
483 timing reifyNode:node_modules/router Completed in 1302ms
484 http fetch GET 200 https://registry.npmjs.org/proxy-addr/-/proxy-addr-2.0.7.tgz 1043ms (cache miss)
485 timing reifyNode:node_modules/proxy-addr Completed in 1302ms
486 timing reifyNode:node_modules/gopd Completed in 1305ms
487 http fetch GET 200 https://registry.npmjs.org/has-symbols/-/has-symbols-1.1.0.tgz 1221ms (cache miss)
488 http fetch GET 200 https://registry.npmjs.org/ipaddr.js/-/ipaddr.js-1.9.1.tgz 1175ms (cache miss)
489 timing reifyNode:node_modules/ipaddr.js Completed in 1313ms
490 timing reifyNode:node_modules/es-object-atoms Completed in 1315ms
491 http fetch GET 200 https://registry.npmjs.org/body-parser/-/body-parser-2.2.0.tgz 1016ms (cache miss)
492 http fetch GET 200 https://registry.npmjs.org/call-bind-apply-helpers/-/call-bind-apply-helpers-1.0.2.tgz 1212ms (cache miss)
493 http fetch GET 200 https://registry.npmjs.org/path-to-regexp/-/path-to-regexp-8.2.0.tgz 1195ms (cache miss)
494 timing reifyNode:node_modules/path-to-regexp Completed in 1318ms
495 http fetch GET 200 https://registry.npmjs.org/raw-body/-/raw-body-3.0.0.tgz 1107ms (cache miss)
496 timing reifyNode:node_modules/raw-body Completed in 1322ms
497 timing reifyNode:node_modules/has-symbols Completed in 1325ms
498 timing reifyNode:node_modules/body-parser Completed in 1321ms
499 http fetch GET 200 https://registry.npmjs.org/es-errors/-/es-errors-1.3.0.tgz 1207ms (cache miss)
500 timing reifyNode:node_modules/call-bind-apply-helpers Completed in 1330ms
501 timing reifyNode:node_modules/es-errors Completed in 1339ms
502 http fetch GET 200 https://registry.npmjs.org/get-intrinsic/-/get-intrinsic-1.3.0.tgz 1236ms (cache miss)
503 timing reifyNode:node_modules/get-intrinsic Completed in 1343ms
504 http fetch GET 200 https://registry.npmjs.org/mime-db/-/mime-db-1.54.0.tgz 1186ms (cache miss)
505 timing reifyNode:node_modules/mime-db Completed in 1341ms
506 http fetch GET 200 https://registry.npmjs.org/debug/-/debug-4.4.1.tgz 1268ms (cache miss)
507 timing reifyNode:node_modules/debug Completed in 1339ms
508 http fetch GET 200 https://registry.npmjs.org/math-intrinsics/-/math-intrinsics-1.1.0.tgz 1273ms (cache miss)
509 timing reifyNode:node_modules/math-intrinsics Completed in 1361ms
510 http fetch GET 200 https://registry.npmjs.org/express/-/express-5.1.0.tgz 1058ms (cache miss)
511 timing reifyNode:node_modules/express Completed in 1360ms
512 http fetch GET 200 https://registry.npmjs.org/object-inspect/-/object-inspect-1.13.4.tgz 1248ms (cache miss)
513 timing reifyNode:node_modules/object-inspect Completed in 1366ms
514 http fetch GET 200 https://registry.npmjs.org/qs/-/qs-6.14.0.tgz 1120ms (cache miss)
515 timing reifyNode:node_modules/qs Completed in 1372ms
516 http fetch GET 200 https://registry.npmjs.org/iconv-lite/-/iconv-lite-0.6.3.tgz 1187ms (cache miss)
517 timing reifyNode:node_modules/iconv-lite Completed in 1401ms
518 timing reify:unpack Completed in 1406ms
519 timing reify:unretire Completed in 1ms
520 timing build:queue Completed in 3ms
521 timing build:deps Completed in 4ms
522 timing build Completed in 6ms
523 timing reify:build Completed in 6ms
524 timing reify:trash Completed in 0ms
525 timing reify:save Completed in 31ms
526 timing reify Completed in 2868ms
527 silly ADD node_modules/media-typer
528 silly ADD node_modules/dunder-proto
529 silly ADD node_modules/math-intrinsics
530 silly ADD node_modules/hasown
531 silly ADD node_modules/has-symbols
532 silly ADD node_modules/gopd
533 silly ADD node_modules/get-proto
534 silly ADD node_modules/es-object-atoms
535 silly ADD node_modules/es-define-property
536 silly ADD node_modules/function-bind
537 silly ADD node_modules/call-bind-apply-helpers
538 silly ADD node_modules/get-intrinsic
539 silly ADD node_modules/call-bound
540 silly ADD node_modules/side-channel-weakmap
541 silly ADD node_modules/side-channel-map
542 silly ADD node_modules/side-channel-list
543 silly ADD node_modules/object-inspect
544 silly ADD node_modules/es-errors
545 silly ADD node_modules/path-to-regexp
546 silly ADD node_modules/is-promise
547 silly ADD node_modules/unpipe
548 silly ADD node_modules/side-channel
549 silly ADD node_modules/ipaddr.js
550 silly ADD node_modules/forwarded
551 silly ADD node_modules/wrappy
552 silly ADD node_modules/ee-first
553 silly ADD node_modules/mime-db
554 silly ADD node_modules/safer-buffer
555 silly ADD node_modules/toidentifier
556 silly ADD node_modules/setprototypeof
557 silly ADD node_modules/inherits
558 silly ADD node_modules/depd
559 silly ADD node_modules/ms
560 silly ADD node_modules/safe-buffer
561 silly ADD node_modules/raw-body
562 silly ADD node_modules/iconv-lite
563 silly ADD node_modules/bytes
564 silly ADD node_modules/negotiator
565 silly ADD node_modules/vary
566 silly ADD node_modules/type-is
567 silly ADD node_modules/statuses
568 silly ADD node_modules/serve-static
569 silly ADD node_modules/send
570 silly ADD node_modules/router
571 silly ADD node_modules/range-parser
572 silly ADD node_modules/qs
573 silly ADD node_modules/proxy-addr
574 silly ADD node_modules/parseurl
575 silly ADD node_modules/once
576 silly ADD node_modules/on-finished
577 silly ADD node_modules/mime-types
578 silly ADD node_modules/merge-descriptors
579 silly ADD node_modules/http-errors
580 silly ADD node_modules/fresh
581 silly ADD node_modules/finalhandler
582 silly ADD node_modules/etag
583 silly ADD node_modules/escape-html
584 silly ADD node_modules/encodeurl
585 silly ADD node_modules/debug
586 silly ADD node_modules/cookie-signature
587 silly ADD node_modules/cookie
588 silly ADD node_modules/content-type
589 silly ADD node_modules/content-disposition
590 silly ADD node_modules/body-parser
591 silly ADD node_modules/accepts
592 silly ADD node_modules/express
593 timing command:install Completed in 2884ms
594 verbose exit 0
595 timing npm Completed in 2952ms
596 info ok
