0 verbose cli /usr/bin/node /usr/bin/npm
1 info using npm@9.2.0
2 info using node@v18.19.1
3 timing npm:load:whichnode Completed in 0ms
4 timing config:load:defaults Completed in 2ms
5 timing config:load:file:/usr/share/nodejs/npm/npmrc Completed in 6ms
6 timing config:load:builtin Completed in 6ms
7 timing config:load:cli Completed in 4ms
8 timing config:load:env Completed in 2ms
9 timing config:load:file:/var/www/html/backend/.npmrc Completed in 0ms
10 timing config:load:project Completed in 4ms
11 timing config:load:file:/home/ubuntu/.npmrc Completed in 0ms
12 timing config:load:user Completed in 1ms
13 timing config:load:file:/etc/npmrc Completed in 1ms
14 timing config:load:global Completed in 1ms
15 timing config:load:setEnvs Completed in 0ms
16 timing config:load Completed in 21ms
17 timing npm:load:configload Completed in 21ms
18 timing npm:load:mkdirpcache Completed in 1ms
19 timing npm:load:mkdirplogs Completed in 1ms
20 verbose title npm install express
21 verbose argv "install" "express"
22 timing npm:load:setTitle Completed in 2ms
23 timing config:load:flatten Completed in 8ms
24 timing npm:load:display Completed in 10ms
25 verbose logfile logs-max:10 dir:/home/ubuntu/.npm/_logs/2025-06-05T06_35_02_491Z-
26 verbose logfile /home/ubuntu/.npm/_logs/2025-06-05T06_35_02_491Z-debug-0.log
27 timing npm:load:logFile Completed in 9ms
28 timing npm:load:timers Completed in 0ms
29 timing npm:load:configScope Completed in 0ms
30 timing npm:load Completed in 44ms
31 timing config:load:flatten Completed in 0ms
32 timing arborist:ctor Completed in 1ms
33 silly logfile done cleaning log files
34 timing idealTree:init Completed in 112ms
35 timing idealTree:userRequests Completed in 1ms
36 silly idealTree buildDeps
37 silly fetch manifest express@^5.1.0
38 verbose shrinkwrap failed to load node_modules/.package-lock.json out of date, updated: node_modules
39 http fetch GET 200 https://registry.npmjs.org/express 55ms (cache hit)
40 silly placeDep ROOT express@5.1.0 REPLACE for: backend@1.0.0 want: ^5.1.0
41 timing idealTree:#root Completed in 78ms
42 timing idealTree:node_modules/express Completed in 0ms
43 timing idealTree:buildDeps Completed in 79ms
44 timing idealTree:fixDepFlags Completed in 2ms
45 timing idealTree Completed in 198ms
46 timing reify:loadTrees Completed in 200ms
47 timing reify:diffTrees Completed in 4ms
48 silly reify moves {}
49 timing reify:retireShallow Completed in 1ms
50 timing reify:rollback:createSparse Completed in 0ms
51 timing reify:rollback:retireShallow Completed in 0ms
52 timing command:install Completed in 227ms
53 verbose stack Error: EACCES: permission denied, mkdir '/var/www/html/backend/node_modules/accepts'
54 verbose cwd /var/www/html/backend
55 verbose Linux 6.8.0-1029-aws
56 verbose node v18.19.1
57 verbose npm  v9.2.0
58 error code EACCES
59 error syscall mkdir
60 error path /var/www/html/backend/node_modules/accepts
61 error errno -13
62 error [Error: EACCES: permission denied, mkdir '/var/www/html/backend/node_modules/accepts'] {
62 error   errno: -13,
62 error   code: 'EACCES',
62 error   syscall: 'mkdir',
62 error   path: '/var/www/html/backend/node_modules/accepts'
62 error }
63 error
63 error The operation was rejected by your operating system.
63 error It is likely you do not have the permissions to access this file as the current user
63 error
63 error If you believe this might be a permissions issue, please double-check the
63 error permissions of the file and its containing directories, or try running
63 error the command again as root/Administrator.
64 verbose exit -13
65 timing npm Completed in 307ms
66 verbose unfinished npm timer reify 1749105302560
67 verbose unfinished npm timer reify:createSparse 1749105302773
68 verbose code -13
69 error A complete log of this run can be found in:
69 error     /home/ubuntu/.npm/_logs/2025-06-05T06_35_02_491Z-debug-0.log
